2022-07-07 15:51:39,067 - root - INFO - ** Kedro project projet_ml_ops
2022-07-07 15:51:39,082 - kedro.framework.session.store - INFO - `save()` not implemented for `BaseSessionStore`. Skipping the step.
2022-07-07 16:01:09,121 - root - INFO - ** Kedro project projet_ml_ops
2022-07-07 16:01:09,342 - kedro.io.data_catalog - INFO - Loading data from `primary` (CSVDataSet)...
2022-07-07 16:01:11,792 - kedro.pipeline.node - INFO - Running node: encode_features([primary]) -> [dataset,transform_pipeline]
2022-07-07 16:01:12,673 - kedro.pipeline.node - ERROR - Node `encode_features([primary]) -> [dataset,transform_pipeline]` failed with error: 
'Date_day'
2022-07-07 16:01:12,691 - kedro.runner.sequential_runner - WARNING - There are 2 nodes that have not run.
You can resume the pipeline run by adding the following argument to your previous command:

2022-07-07 16:01:12,753 - kedro.framework.session.store - INFO - `save()` not implemented for `BaseSessionStore`. Skipping the step.
2022-07-07 16:07:35,579 - root - INFO - ** Kedro project projet_ml_ops
2022-07-07 16:07:35,852 - kedro.io.data_catalog - INFO - Loading data from `primary` (CSVDataSet)...
2022-07-07 16:07:38,687 - kedro.pipeline.node - INFO - Running node: encode_features([primary]) -> [dataset,transform_pipeline]
2022-07-07 16:07:39,199 - kedro.pipeline.node - ERROR - Node `encode_features([primary]) -> [dataset,transform_pipeline]` failed with error: 
'Series' object has no attribute 'strftime'
2022-07-07 16:07:39,205 - kedro.runner.sequential_runner - WARNING - There are 2 nodes that have not run.
You can resume the pipeline run by adding the following argument to your previous command:

2022-07-07 16:07:39,254 - kedro.framework.session.store - INFO - `save()` not implemented for `BaseSessionStore`. Skipping the step.
2022-07-07 16:08:41,718 - root - INFO - ** Kedro project projet_ml_ops
2022-07-07 16:08:41,955 - kedro.io.data_catalog - INFO - Loading data from `primary` (CSVDataSet)...
2022-07-07 16:08:44,067 - kedro.pipeline.node - INFO - Running node: encode_features([primary]) -> [dataset,transform_pipeline]
2022-07-07 16:08:46,657 - kedro.pipeline.node - ERROR - Node `encode_features([primary]) -> [dataset,transform_pipeline]` failed with error: 
'Date_day'
2022-07-07 16:08:46,668 - kedro.runner.sequential_runner - WARNING - There are 2 nodes that have not run.
You can resume the pipeline run by adding the following argument to your previous command:

2022-07-07 16:08:46,720 - kedro.framework.session.store - INFO - `save()` not implemented for `BaseSessionStore`. Skipping the step.
2022-07-07 16:09:50,079 - root - INFO - ** Kedro project projet_ml_ops
2022-07-07 16:09:50,316 - kedro.io.data_catalog - INFO - Loading data from `primary` (CSVDataSet)...
2022-07-07 16:09:52,498 - kedro.runner.sequential_runner - WARNING - There are 2 nodes that have not run.
You can resume the pipeline run by adding the following argument to your previous command:

2022-07-07 16:09:52,531 - kedro.framework.session.store - INFO - `save()` not implemented for `BaseSessionStore`. Skipping the step.
2022-07-07 16:25:43,513 - root - INFO - ** Kedro project projet_ml_ops
2022-07-07 16:25:43,650 - kedro.io.data_catalog - INFO - Loading data from `primary` (CSVDataSet)...
2022-07-07 16:25:43,840 - kedro.pipeline.node - INFO - Running node: encode_features([primary]) -> [dataset,transform_pipeline]
2022-07-07 16:25:43,999 - kedro.io.data_catalog - INFO - Saving data to `dataset` (CSVDataSet)...
2022-07-07 16:25:44,622 - kedro.io.data_catalog - INFO - Saving data to `transform_pipeline` (MemoryDataSet)...
2022-07-07 16:25:44,629 - kedro.runner.sequential_runner - INFO - Completed 1 out of 2 tasks
2022-07-07 16:25:44,630 - kedro.io.data_catalog - INFO - Loading data from `dataset` (CSVDataSet)...
2022-07-07 16:25:44,749 - kedro.io.data_catalog - INFO - Loading data from `params:test_ratio` (MemoryDataSet)...
2022-07-07 16:25:44,750 - kedro.pipeline.node - INFO - Running node: split_dataset([dataset,params:test_ratio]) -> [X_test,X_train,y_test,y_train]
2022-07-07 16:25:44,781 - kedro.io.data_catalog - INFO - Saving data to `X_train` (CSVDataSet)...
2022-07-07 16:25:45,142 - kedro.io.data_catalog - INFO - Saving data to `y_train` (CSVDataSet)...
2022-07-07 16:25:45,358 - kedro.io.data_catalog - INFO - Saving data to `X_test` (CSVDataSet)...
2022-07-07 16:25:45,523 - kedro.io.data_catalog - INFO - Saving data to `y_test` (CSVDataSet)...
2022-07-07 16:25:45,631 - kedro.runner.sequential_runner - INFO - Completed 2 out of 2 tasks
2022-07-07 16:25:45,631 - kedro.runner.sequential_runner - INFO - Pipeline execution completed successfully.
2022-07-07 16:25:45,634 - kedro.io.data_catalog - INFO - Loading data from `transform_pipeline` (MemoryDataSet)...
2022-07-07 16:25:45,640 - kedro.framework.session.store - INFO - `save()` not implemented for `BaseSessionStore`. Skipping the step.
